Using pre-set license
Built from '2022.1/staging' branch; Version is '2022.1.15f1 (42973686a05c) revision 4364086'; Using compiler version '192829333'; Build Type 'Release'
OS: 'Windows 11  (10.0.22000) 64bit CoreSingleLanguage' Language: 'ru' Physical Memory: 15716 MB
BatchMode: 1, IsHumanControllingUs: 0, StartBugReporterOnCrash: 0, Is64bit: 1, IsPro: 1

COMMAND LINE ARGUMENTS:
C:\Program Files\Unity 2022.1.15f1\Editor\Unity.exe
-adb2
-batchMode
-noUpm
-name
AssetImportWorker1
-projectPath
C:/Users/Klimenko/Documents/GitHub/TowerDefence/My project (7)
-logFile
Logs/AssetImportWorker1.log
-srvPort
56209
Successfully changed project path to: C:/Users/Klimenko/Documents/GitHub/TowerDefence/My project (7)
C:/Users/Klimenko/Documents/GitHub/TowerDefence/My project (7)
[UnityMemory] Configuration Parameters - Can be set up in boot.config
    "memorysetup-bucket-allocator-granularity=16"
    "memorysetup-bucket-allocator-bucket-count=8"
    "memorysetup-bucket-allocator-block-size=33554432"
    "memorysetup-bucket-allocator-block-count=8"
    "memorysetup-main-allocator-block-size=16777216"
    "memorysetup-thread-allocator-block-size=16777216"
    "memorysetup-gfx-main-allocator-block-size=16777216"
    "memorysetup-gfx-thread-allocator-block-size=16777216"
    "memorysetup-cache-allocator-block-size=4194304"
    "memorysetup-typetree-allocator-block-size=2097152"
    "memorysetup-profiler-bucket-allocator-granularity=16"
    "memorysetup-profiler-bucket-allocator-bucket-count=8"
    "memorysetup-profiler-bucket-allocator-block-size=33554432"
    "memorysetup-profiler-bucket-allocator-block-count=8"
    "memorysetup-profiler-allocator-block-size=16777216"
    "memorysetup-profiler-editor-allocator-block-size=1048576"
    "memorysetup-temp-allocator-size-main=16777216"
    "memorysetup-job-temp-allocator-block-size=2097152"
    "memorysetup-job-temp-allocator-block-size-background=1048576"
    "memorysetup-job-temp-allocator-reduction-small-platforms=262144"
    "memorysetup-temp-allocator-size-background-worker=32768"
    "memorysetup-temp-allocator-size-job-worker=262144"
    "memorysetup-temp-allocator-size-preload-manager=33554432"
    "memorysetup-temp-allocator-size-nav-mesh-worker=65536"
    "memorysetup-temp-allocator-size-audio-worker=65536"
    "memorysetup-temp-allocator-size-cloud-worker=32768"
    "memorysetup-temp-allocator-size-gi-baking-worker=262144"
    "memorysetup-temp-allocator-size-gfx=262144"
Refreshing native plugins compatible for Editor in 183.27 ms, found 3 plugins.
Preloading 0 native plugins for Editor in 0.00 ms.
Initialize engine version: 2022.1.15f1 (42973686a05c)
[Subsystems] Discovering subsystems at path C:/Program Files/Unity 2022.1.15f1/Editor/Data/Resources/UnitySubsystems
[Subsystems] Discovering subsystems at path C:/Users/Klimenko/Documents/GitHub/TowerDefence/My project (7)/Assets
GfxDevice: creating device client; threaded=0; jobified=0
Direct3D:
    Version:  Direct3D 11.0 [level 11.1]
    Renderer: AMD Radeon(TM) Graphics (ID=0x1638)
    Vendor:   ATI
    VRAM:     7858 MB
    Driver:   30.0.14026.1
Initialize mono
Mono path[0] = 'C:/Program Files/Unity 2022.1.15f1/Editor/Data/Managed'
Mono path[1] = 'C:/Program Files/Unity 2022.1.15f1/Editor/Data/MonoBleedingEdge/lib/mono/unityjit-win32'
Mono config path = 'C:/Program Files/Unity 2022.1.15f1/Editor/Data/MonoBleedingEdge/etc'
Using monoOptions --debugger-agent=transport=dt_socket,embedding=1,server=y,suspend=n,address=127.0.0.1:56916
Begin MonoManager ReloadAssembly
Registering precompiled unity dll's ...
Register platform support module: C:/Program Files/Unity 2022.1.15f1/Editor/Data/PlaybackEngines/WindowsStandaloneSupport/UnityEditor.WindowsStandalone.Extensions.dll
Registered in 0.008414 seconds.
Native extension for WindowsStandalone target not found
Refreshing native plugins compatible for Editor in 182.23 ms, found 3 plugins.
Preloading 0 native plugins for Editor in 0.00 ms.
Mono: successfully reloaded assembly
- Completed reload, in  1.555 seconds
Domain Reload Profiling:
	ReloadAssembly (1556ms)
		BeginReloadAssembly (171ms)
			ExecutionOrderSort (0ms)
			DisableScriptedObjects (0ms)
			BackupInstance (0ms)
			ReleaseScriptingObjects (0ms)
			CreateAndSetChildDomain (2ms)
		EndReloadAssembly (1155ms)
			LoadAssemblies (165ms)
			RebuildTransferFunctionScriptingTraits (0ms)
			SetupTypeCache (271ms)
				TypeCache.Initialize (270ms)
					TypeCache.ScanAssembly (267ms)
				ResolveRequiredComponents (1ms)
			ReleaseScriptCaches (0ms)
			RebuildScriptCaches (66ms)
			SetupLoadedEditorAssemblies (672ms)
				LogAssemblyErrors (0ms)
				InitializePlatformSupportModulesInManaged (17ms)
				SetLoadedEditorAssemblies (18ms)
				RefreshPlugins (182ms)
				BeforeProcessingInitializeOnLoad (3ms)
				ProcessInitializeOnLoadAttributes (333ms)
				ProcessInitializeOnLoadMethodAttributes (118ms)
				AfterProcessingInitializeOnLoad (0ms)
				EditorAssembliesLoaded (0ms)
			ExecutionOrderSort2 (0ms)
			AwakeInstancesAfterBackupRestoration (0ms)
Platform modules already initialized, skipping
Registering precompiled user dll's ...
Registered in 0.018280 seconds.
Begin MonoManager ReloadAssembly
Symbol file LoadedFromMemory doesn't match image C:\Users\Klimenko\Documents\GitHub\TowerDefence\My project (7)\Library\PackageCache\com.unity.visualscripting@1.7.8\Editor\VisualScripting.Core\Dependencies\YamlDotNet\Unity.VisualScripting.YamlDotNet.dll
Symbol file LoadedFromMemory doesn't match image C:\Users\Klimenko\Documents\GitHub\TowerDefence\My project (7)\Library\PackageCache\com.unity.visualscripting@1.7.8\Editor\VisualScripting.Core\Dependencies\DotNetZip\Unity.VisualScripting.IonicZip.dll
Native extension for WindowsStandalone target not found
Refreshing native plugins compatible for Editor in 1.62 ms, found 3 plugins.
Preloading 0 native plugins for Editor in 0.00 ms.
Mono: successfully reloaded assembly
- Completed reload, in  2.470 seconds
Domain Reload Profiling:
	ReloadAssembly (2472ms)
		BeginReloadAssembly (276ms)
			ExecutionOrderSort (0ms)
			DisableScriptedObjects (16ms)
			BackupInstance (0ms)
			ReleaseScriptingObjects (0ms)
			CreateAndSetChildDomain (53ms)
		EndReloadAssembly (1876ms)
			LoadAssemblies (186ms)
			RebuildTransferFunctionScriptingTraits (0ms)
			SetupTypeCache (627ms)
				TypeCache.Initialize (616ms)
					TypeCache.ScanAssembly (607ms)
				ResolveRequiredComponents (11ms)
			ReleaseScriptCaches (1ms)
			RebuildScriptCaches (127ms)
			SetupLoadedEditorAssemblies (835ms)
				LogAssemblyErrors (0ms)
				InitializePlatformSupportModulesInManaged (9ms)
				SetLoadedEditorAssemblies (14ms)
				RefreshPlugins (2ms)
				BeforeProcessingInitializeOnLoad (190ms)
				ProcessInitializeOnLoadAttributes (546ms)
				ProcessInitializeOnLoadMethodAttributes (61ms)
				AfterProcessingInitializeOnLoad (12ms)
				EditorAssembliesLoaded (0ms)
			ExecutionOrderSort2 (0ms)
			AwakeInstancesAfterBackupRestoration (15ms)
Platform modules already initialized, skipping
========================================================================
Worker process is ready to serve import requests
Launched and connected shader compiler UnityShaderCompiler.exe after 0.13 seconds
Refreshing native plugins compatible for Editor in 1.56 ms, found 3 plugins.
Preloading 0 native plugins for Editor in 0.00 ms.
Unloading 3412 Unused Serialized files (Serialized files now loaded: 0)
Unloading 26 unused Assets / (58.2 KB). Loaded Objects now: 3881.
Memory consumption went from 0.58 GB to 0.58 GB.
Total: 6.319300 ms (FindLiveObjects: 0.544100 ms CreateObjectMapping: 0.220600 ms MarkObjects: 5.399100 ms  DeleteObjects: 0.153500 ms)

AssetImportParameters requested are different than current active one (requested -> active):
  custom:video-decoder-ogg-theora: a1e56fd34408186e4bbccfd4996cb3dc -> 
  custom:container-muxer-webm: aa71ff27fc2769a1b78a27578f13a17b -> 
  custom:container-demuxer-webm: 4f35f7cbe854078d1ac9338744f61a02 -> 
  custom:video-encoder-webm-vp8: eb34c28f22e8b96e1ab97ce403110664 -> 
  custom:video-codec-MediaFoundation-h265: 746d11721c4dcdbdad8f713fa42b33f4 -> 
  custom:audio-encoder-webm-vorbis: bf7c407c2cedff20999df2af8eb42d56 -> 
  custom:framework-win-MediaFoundation: 216162199b28c13a410421893ffa2e32 -> 
  custom:container-demuxer-ogg: 62fdf1f143b41e24485cea50d1cbac27 -> 
  custom:video-decoder-webm-vp8: 9c59270c3fd7afecdb556c50c9e8de78 -> 
  custom:audio-decoder-ogg-vorbis: bf7c407c2cedff20999df2af8eb42d56 -> 
========================================================================
Received Import Request.
  Time since last request: 4615.862669 seconds.
  path: Assets/kosmos_nebo_zvezdy_79233_2560x1440.jpg
  artifactKey: Guid(5b2e08bb010b0d24bb7099f2b45a0ff3) Importer(815301076,1909f56bfc062723c751e8b465ee728b)
Start importing Assets/kosmos_nebo_zvezdy_79233_2560x1440.jpg using Guid(5b2e08bb010b0d24bb7099f2b45a0ff3) Importer(815301076,1909f56bfc062723c751e8b465ee728b)  -> (artifact id: '934dd8788e5a6dc1ada115694fd601e7') in 0.245753 seconds 
========================================================================
Received Import Request.
  Time since last request: 0.000048 seconds.
  path: Assets/sky1.jpg
  artifactKey: Guid(8a3d637bba5fc9842a55c8b82a1e3a42) Importer(815301076,1909f56bfc062723c751e8b465ee728b)
Start importing Assets/sky1.jpg using Guid(8a3d637bba5fc9842a55c8b82a1e3a42) Importer(815301076,1909f56bfc062723c751e8b465ee728b)  -> (artifact id: '61c053c980a182da9494eadd7ef32dd5') in 0.030042 seconds 
========================================================================
Received Import Request.
  Time since last request: 0.000059 seconds.
  path: Assets/Glass.mat
  artifactKey: Guid(752c5038b201bad42a8d3441bb8dbc2f) Importer(815301076,1909f56bfc062723c751e8b465ee728b)
Start importing Assets/Glass.mat using Guid(752c5038b201bad42a8d3441bb8dbc2f) Importer(815301076,1909f56bfc062723c751e8b465ee728b)  -> (artifact id: '99389ec21b51e064d8cd777ecf6dea2d') in 0.365861 seconds 
========================================================================
Received Import Request.
  Time since last request: 108.790943 seconds.
  path: Assets/ForLights/New Material 1.mat
  artifactKey: Guid(2a9a2a5351a2ea141a967c908ae821cd) Importer(815301076,1909f56bfc062723c751e8b465ee728b)
Start importing Assets/ForLights/New Material 1.mat using Guid(2a9a2a5351a2ea141a967c908ae821cd) Importer(815301076,1909f56bfc062723c751e8b465ee728b)  -> (artifact id: '02ff947e558644725d4a43c805bdfb49') in 0.070667 seconds 
========================================================================
Received Import Request.
  Time since last request: 0.000049 seconds.
  path: Assets/ForLights/space satellite.fbx
  artifactKey: Guid(f54c9b3e0a5c800468578bc27268467d) Importer(815301076,1909f56bfc062723c751e8b465ee728b)
Start importing Assets/ForLights/space satellite.fbx using Guid(f54c9b3e0a5c800468578bc27268467d) Importer(815301076,1909f56bfc062723c751e8b465ee728b)  -> (artifact id: '62707d807e0a266f3eb3592aa5a8c5a5') in 1.240275 seconds 
========================================================================
Received Import Request.
  Time since last request: 0.855650 seconds.
  path: Assets/Materials/2d0451da.mat
  artifactKey: Guid(3bb37f6cea44edc48901bcbecb9bfa67) Importer(815301076,1909f56bfc062723c751e8b465ee728b)
Start importing Assets/Materials/2d0451da.mat using Guid(3bb37f6cea44edc48901bcbecb9bfa67) Importer(815301076,1909f56bfc062723c751e8b465ee728b)  -> (artifact id: '35632e25eff924ac4c9254e6782793af') in 0.048528 seconds 
========================================================================
Received Import Request.
  Time since last request: 0.000057 seconds.
  path: Assets/Materials/d2f82ff4.mat
  artifactKey: Guid(871dd332d5fac89468c2be2cb6ccaf93) Importer(815301076,1909f56bfc062723c751e8b465ee728b)
Start importing Assets/Materials/d2f82ff4.mat using Guid(871dd332d5fac89468c2be2cb6ccaf93) Importer(815301076,1909f56bfc062723c751e8b465ee728b)  -> (artifact id: '6cc13ff2397a203204c19e895b5a62f5') in 0.040281 seconds 
========================================================================
Received Import Request.
  Time since last request: 0.000046 seconds.
  path: Assets/Materials/338f7b62.mat
  artifactKey: Guid(c3a05982294d843408f13a29414f31f4) Importer(815301076,1909f56bfc062723c751e8b465ee728b)
Start importing Assets/Materials/338f7b62.mat using Guid(c3a05982294d843408f13a29414f31f4) Importer(815301076,1909f56bfc062723c751e8b465ee728b)  -> (artifact id: 'eafb68ca6ea5d82a8a108dc24c7541cc') in 0.041791 seconds 
========================================================================
Received Import Request.
  Time since last request: 0.000040 seconds.
  path: Assets/Materials/c5c549c8.mat
  artifactKey: Guid(b6ca63b4d0d871b4c8d86bc9e604b354) Importer(815301076,1909f56bfc062723c751e8b465ee728b)
Start importing Assets/Materials/c5c549c8.mat using Guid(b6ca63b4d0d871b4c8d86bc9e604b354) Importer(815301076,1909f56bfc062723c751e8b465ee728b)  -> (artifact id: '152936ce7ef945b60844d536ef33d20e') in 0.029715 seconds 
========================================================================
Received Import Request.
  Time since last request: 0.000033 seconds.
  path: Assets/Materials/a02c4a94.mat
  artifactKey: Guid(a0cf950f4723d6d489552b23038c3edf) Importer(815301076,1909f56bfc062723c751e8b465ee728b)
Start importing Assets/Materials/a02c4a94.mat using Guid(a0cf950f4723d6d489552b23038c3edf) Importer(815301076,1909f56bfc062723c751e8b465ee728b)  -> (artifact id: '5558e1e9169240ebc07e4857e483d406') in 0.034932 seconds 
========================================================================
Received Import Request.
  Time since last request: 0.000041 seconds.
  path: Assets/Materials/c6920a60.mat
  artifactKey: Guid(c4b2bfdabaae86748991e2e301ab294a) Importer(815301076,1909f56bfc062723c751e8b465ee728b)
Start importing Assets/Materials/c6920a60.mat using Guid(c4b2bfdabaae86748991e2e301ab294a) Importer(815301076,1909f56bfc062723c751e8b465ee728b)  -> (artifact id: 'f988d8012d5cec31a7ce50d05206e5ed') in 0.032860 seconds 
========================================================================
Received Import Request.
  Time since last request: 0.000029 seconds.
  path: Assets/Materials/efe27007.mat
  artifactKey: Guid(298fa915ce60af14aa91c9b8b41cdd4e) Importer(815301076,1909f56bfc062723c751e8b465ee728b)
Start importing Assets/Materials/efe27007.mat using Guid(298fa915ce60af14aa91c9b8b41cdd4e) Importer(815301076,1909f56bfc062723c751e8b465ee728b)  -> (artifact id: '0249ab6209480a03837420855838b8c3') in 0.031726 seconds 
========================================================================
Received Import Request.
  Time since last request: 0.000041 seconds.
  path: Assets/Materials/608b16e7.mat
  artifactKey: Guid(83fb8cbbf6a95c24cb94af5224d91a68) Importer(815301076,1909f56bfc062723c751e8b465ee728b)
Start importing Assets/Materials/608b16e7.mat using Guid(83fb8cbbf6a95c24cb94af5224d91a68) Importer(815301076,1909f56bfc062723c751e8b465ee728b)  -> (artifact id: '63417c8fb85bf0d0fd74c227b5cd1acd') in 0.028098 seconds 
========================================================================
Received Import Request.
  Time since last request: 0.000028 seconds.
  path: Assets/Materials/af65dd9e.mat
  artifactKey: Guid(3992fdbd59c65d243a7246e1ae3894cb) Importer(815301076,1909f56bfc062723c751e8b465ee728b)
Start importing Assets/Materials/af65dd9e.mat using Guid(3992fdbd59c65d243a7246e1ae3894cb) Importer(815301076,1909f56bfc062723c751e8b465ee728b)  -> (artifact id: 'ac2b47efc8f006f6a2c5b2099050a632') in 0.025533 seconds 
========================================================================
Received Import Request.
  Time since last request: 0.000044 seconds.
  path: Assets/Materials/d0d41cfa.mat
  artifactKey: Guid(039105e81fd123e43bc766815e807573) Importer(815301076,1909f56bfc062723c751e8b465ee728b)
Start importing Assets/Materials/d0d41cfa.mat using Guid(039105e81fd123e43bc766815e807573) Importer(815301076,1909f56bfc062723c751e8b465ee728b)  -> (artifact id: 'a9418daa210b3a818b676b10c109d401') in 0.029997 seconds 
========================================================================
Received Import Request.
  Time since last request: 0.000037 seconds.
  path: Assets/Materials/d3acbd59.mat
  artifactKey: Guid(11f9988c00886d24f91934938c0c37e2) Importer(815301076,1909f56bfc062723c751e8b465ee728b)
Start importing Assets/Materials/d3acbd59.mat using Guid(11f9988c00886d24f91934938c0c37e2) Importer(815301076,1909f56bfc062723c751e8b465ee728b)  -> (artifact id: '8663245109b37f30778242085aaf9c4d') in 0.028723 seconds 
========================================================================
Received Import Request.
  Time since last request: 0.000033 seconds.
  path: Assets/Materials/87874d15.mat
  artifactKey: Guid(9634083f8a0df6a439a409f06e3984ef) Importer(815301076,1909f56bfc062723c751e8b465ee728b)
Start importing Assets/Materials/87874d15.mat using Guid(9634083f8a0df6a439a409f06e3984ef) Importer(815301076,1909f56bfc062723c751e8b465ee728b)  -> (artifact id: '5624dba7065cec8ac7e10a3ed389a738') in 0.028828 seconds 
========================================================================
Received Import Request.
  Time since last request: 0.000042 seconds.
  path: Assets/Materials/90455aaf.mat
  artifactKey: Guid(7d19f6bcb989c3944b4cfc9d7374cd5f) Importer(815301076,1909f56bfc062723c751e8b465ee728b)
Start importing Assets/Materials/90455aaf.mat using Guid(7d19f6bcb989c3944b4cfc9d7374cd5f) Importer(815301076,1909f56bfc062723c751e8b465ee728b)  -> (artifact id: 'd42775b59036fb5140c2582ab88b8180') in 0.029885 seconds 
========================================================================
Received Import Request.
  Time since last request: 14.802965 seconds.
  path: Assets/Textures/4bbb56cc.png
  artifactKey: Guid(4386dffd93be6c54aa4b41862ea5da2a) Importer(815301076,1909f56bfc062723c751e8b465ee728b)
Start importing Assets/Textures/4bbb56cc.png using Guid(4386dffd93be6c54aa4b41862ea5da2a) Importer(815301076,1909f56bfc062723c751e8b465ee728b)  -> (artifact id: '4df3ac5e9a206155cbacee94956a6df3') in 0.029119 seconds 
========================================================================
Received Import Request.
  Time since last request: 0.000034 seconds.
  path: Assets/Textures/87874d15.png
  artifactKey: Guid(443a509970c7cb544b0d1c1a72910d78) Importer(815301076,1909f56bfc062723c751e8b465ee728b)
Start importing Assets/Textures/87874d15.png using Guid(443a509970c7cb544b0d1c1a72910d78) Importer(815301076,1909f56bfc062723c751e8b465ee728b)  -> (artifact id: 'f65043970f20f2a2910551dc6df67e83') in 0.027606 seconds 
========================================================================
Received Import Request.
  Time since last request: 0.000039 seconds.
  path: Assets/Textures/Units.png
  artifactKey: Guid(a62bc86aa1c2ec1449a897c8d14092fb) Importer(815301076,1909f56bfc062723c751e8b465ee728b)
Start importing Assets/Textures/Units.png using Guid(a62bc86aa1c2ec1449a897c8d14092fb) Importer(815301076,1909f56bfc062723c751e8b465ee728b)  -> (artifact id: '901859d5c9bae918d4efc24e0e16daa4') in 0.031715 seconds 
========================================================================
Received Import Request.
  Time since last request: 0.000113 seconds.
  path: Assets/Textures/bf90e9dc.png
  artifactKey: Guid(1e682e0c5b194d24c9687c04e9c92af0) Importer(815301076,1909f56bfc062723c751e8b465ee728b)
Start importing Assets/Textures/bf90e9dc.png using Guid(1e682e0c5b194d24c9687c04e9c92af0) Importer(815301076,1909f56bfc062723c751e8b465ee728b)  -> (artifact id: '3115dd96263cde5386eaf55a949b9aa8') in 0.026774 seconds 
========================================================================
Received Import Request.
  Time since last request: 0.000063 seconds.
  path: Assets/Textures/1623489906_15-phonoteka_org-p-krakelyur-tekstura-cherno-belaya-krasivo-16.jpg
  artifactKey: Guid(1c07aa9a9db675449b0a73d8b569851b) Importer(815301076,1909f56bfc062723c751e8b465ee728b)
Start importing Assets/Textures/1623489906_15-phonoteka_org-p-krakelyur-tekstura-cherno-belaya-krasivo-16.jpg using Guid(1c07aa9a9db675449b0a73d8b569851b) Importer(815301076,1909f56bfc062723c751e8b465ee728b)  -> (artifact id: '3074959464eb70a403d5a04acc104bff') in 0.037217 seconds 
========================================================================
Received Import Request.
  Time since last request: 0.000091 seconds.
  path: Assets/Textures/608b16e7.png
  artifactKey: Guid(50f1b9c441a0b4f439065c6a91d840ba) Importer(815301076,1909f56bfc062723c751e8b465ee728b)
Start importing Assets/Textures/608b16e7.png using Guid(50f1b9c441a0b4f439065c6a91d840ba) Importer(815301076,1909f56bfc062723c751e8b465ee728b)  -> (artifact id: '79f46b07645ed848df605952ca681315') in 0.026891 seconds 
========================================================================
Received Import Request.
  Time since last request: 0.000031 seconds.
  path: Assets/Textures/New Material 1.mat
  artifactKey: Guid(544eaea4540c7694497d0c2f4887472d) Importer(815301076,1909f56bfc062723c751e8b465ee728b)
Start importing Assets/Textures/New Material 1.mat using Guid(544eaea4540c7694497d0c2f4887472d) Importer(815301076,1909f56bfc062723c751e8b465ee728b)  -> (artifact id: '41fbeed05f321b62cdcd8529c8394461') in 0.027399 seconds 
========================================================================
Received Import Request.
  Time since last request: 0.000039 seconds.
  path: Assets/Textures/internal_ground_ao_texture.jpeg
  artifactKey: Guid(5bcc4d87c496b1e409e339bf4973cb7e) Importer(815301076,1909f56bfc062723c751e8b465ee728b)
Start importing Assets/Textures/internal_ground_ao_texture.jpeg using Guid(5bcc4d87c496b1e409e339bf4973cb7e) Importer(815301076,1909f56bfc062723c751e8b465ee728b)  -> (artifact id: 'ead3173dec7627d63fc48fe762b602ef') in 0.030018 seconds 
========================================================================
Received Import Request.
  Time since last request: 0.000030 seconds.
  path: Assets/Textures/d9f14312.png
  artifactKey: Guid(1ffba21e3ab8a634c95229cc4816e47c) Importer(815301076,1909f56bfc062723c751e8b465ee728b)
Start importing Assets/Textures/d9f14312.png using Guid(1ffba21e3ab8a634c95229cc4816e47c) Importer(815301076,1909f56bfc062723c751e8b465ee728b)  -> (artifact id: 'eeb74b7551eeaceb771d3161b9b078d5') in 0.028007 seconds 
========================================================================
Received Import Request.
  Time since last request: 3.582611 seconds.
  path: Assets/textures 2/MET02_sphereSG2_Normal.1001.png
  artifactKey: Guid(5790486475b69ac409188534f801efa6) Importer(815301076,1909f56bfc062723c751e8b465ee728b)
Start importing Assets/textures 2/MET02_sphereSG2_Normal.1001.png using Guid(5790486475b69ac409188534f801efa6) Importer(815301076,1909f56bfc062723c751e8b465ee728b)  -> (artifact id: '055c7a5813ad33e55120576e663eb049') in 0.037927 seconds 
========================================================================
Received Import Request.
  Time since last request: 2.287673 seconds.
  path: Assets/TextureTowerSketch/turret_frame01.png
  artifactKey: Guid(157b1c386b369564d90d4bd04edf7300) Importer(815301076,1909f56bfc062723c751e8b465ee728b)
Start importing Assets/TextureTowerSketch/turret_frame01.png using Guid(157b1c386b369564d90d4bd04edf7300) Importer(815301076,1909f56bfc062723c751e8b465ee728b)  -> (artifact id: '212ded56ebabc917615813d8bd4eba74') in 0.036494 seconds 
========================================================================
Received Import Request.
  Time since last request: 5.391776 seconds.
  path: Assets/textures 2/Materials/MET02_sphereSG2_Normal.1001.mat
  artifactKey: Guid(caf5f6a57d1aeec4b89d08201b231f6f) Importer(815301076,1909f56bfc062723c751e8b465ee728b)
Start importing Assets/textures 2/Materials/MET02_sphereSG2_Normal.1001.mat using Guid(caf5f6a57d1aeec4b89d08201b231f6f) Importer(815301076,1909f56bfc062723c751e8b465ee728b)  -> (artifact id: '13ceaa700f8c03cf016aa3f2fbee2bac') in 0.037860 seconds 
Editor requested this worker to shutdown with reason: Scaling down because of idle timeout
AssetImportWorker is now disconnected from the server
Process exiting
Exiting without the bug reporter. Application will terminate with return code 0